-------------------------------------------------------------------------------
Test set: com.menu.service1.menu_microservice.MenuMicroserviceApplicationTests
-------------------------------------------------------------------------------
Tests run: 1, Failures: 0, Errors: 1, Skipped: 0, Time elapsed: 4.995 s <<< FAILURE! - in com.menu.service1.menu_microservice.MenuMicroserviceApplicationTests
contextLoads  Time elapsed: 0.003 s  <<< ERROR!
java.lang.IllegalStateException: Failed to load ApplicationContext
Caused by: org.springframework.beans.factory.BeanCreationException: 
Error creating bean with name 'dataSourceScriptDatabaseInitializer' defined in class path resource [org/springframework/boot/autoconfigure/sql/init/DataSourceInitializationConfiguration.class]: Invocation of init method failed; nested exception is org.springframework.jdbc.datasource.init.ScriptStatementFailedException: Failed to execute SQL script statement #1 of URL [file:/C:/nazmi/menu_microservice/target/classes/schema.sql]: create table items ( id integer not null, item_name varchar(255), price float, item_description varchar(255), item_image varchar(255), update_on date, menu_id integer, primary key (id) foreign key (menu_id) references menus (id)); nested exception is org.h2.jdbc.JdbcSQLSyntaxErrorException: Syntax error in SQL statement "CREATE TABLE ITEMS ( ID INTEGER NOT NULL, ITEM_NAME VARCHAR(255), PRICE FLOAT, ITEM_DESCRIPTION VARCHAR(255), ITEM_IMAGE VARCHAR(255), UPDATE_ON DATE, MENU_ID INTEGER, PRIMARY KEY (ID) FOREIGN[*] KEY (MENU_ID) REFERENCES MENUS (ID))"; expected "INDEX, ,, )"; SQL statement:
create table items ( id integer not null, item_name varchar(255), price float, item_description varchar(255), item_image varchar(255), update_on date, menu_id integer, primary key (id) foreign key (menu_id) references menus (id)) [42001-200]
Caused by: org.springframework.jdbc.datasource.init.ScriptStatementFailedException: 
Failed to execute SQL script statement #1 of URL [file:/C:/nazmi/menu_microservice/target/classes/schema.sql]: create table items ( id integer not null, item_name varchar(255), price float, item_description varchar(255), item_image varchar(255), update_on date, menu_id integer, primary key (id) foreign key (menu_id) references menus (id)); nested exception is org.h2.jdbc.JdbcSQLSyntaxErrorException: Syntax error in SQL statement "CREATE TABLE ITEMS ( ID INTEGER NOT NULL, ITEM_NAME VARCHAR(255), PRICE FLOAT, ITEM_DESCRIPTION VARCHAR(255), ITEM_IMAGE VARCHAR(255), UPDATE_ON DATE, MENU_ID INTEGER, PRIMARY KEY (ID) FOREIGN[*] KEY (MENU_ID) REFERENCES MENUS (ID))"; expected "INDEX, ,, )"; SQL statement:
create table items ( id integer not null, item_name varchar(255), price float, item_description varchar(255), item_image varchar(255), update_on date, menu_id integer, primary key (id) foreign key (menu_id) references menus (id)) [42001-200]
Caused by: org.h2.jdbc.JdbcSQLSyntaxErrorException: 
Syntax error in SQL statement "CREATE TABLE ITEMS ( ID INTEGER NOT NULL, ITEM_NAME VARCHAR(255), PRICE FLOAT, ITEM_DESCRIPTION VARCHAR(255), ITEM_IMAGE VARCHAR(255), UPDATE_ON DATE, MENU_ID INTEGER, PRIMARY KEY (ID) FOREIGN[*] KEY (MENU_ID) REFERENCES MENUS (ID))"; expected "INDEX, ,, )"; SQL statement:
create table items ( id integer not null, item_name varchar(255), price float, item_description varchar(255), item_image varchar(255), update_on date, menu_id integer, primary key (id) foreign key (menu_id) references menus (id)) [42001-200]

